Start testing: Apr 11 17:14 +08
----------------------------------------------------------
1/7 Testing: test_explore
1/7 Test: test_explore
Command: "/usr/bin/python3" "-u" "/opt/ros/humble/share/ament_cmake_test/cmake/run_test.py" "/home/notch/turtlebot3_ws/src/m-explore-ros2/build/explore_lite/test_results/explore_lite/test_explore.gtest.xml" "--package-name" "explore_lite" "--output-file" "/home/notch/turtlebot3_ws/src/m-explore-ros2/build/explore_lite/ament_cmake_gtest/test_explore.txt" "--command" "/home/notch/turtlebot3_ws/src/m-explore-ros2/build/explore_lite/test_explore" "--gtest_output=xml:/home/notch/turtlebot3_ws/src/m-explore-ros2/build/explore_lite/test_results/explore_lite/test_explore.gtest.xml"
Directory: /home/notch/turtlebot3_ws/src/m-explore-ros2/build/explore_lite
"test_explore" start time: Apr 11 17:14 +08
Output:
----------------------------------------------------------
-- run_test.py: invoking following command in '/home/notch/turtlebot3_ws/src/m-explore-ros2/build/explore_lite':
 - /home/notch/turtlebot3_ws/src/m-explore-ros2/build/explore_lite/test_explore --gtest_output=xml:/home/notch/turtlebot3_ws/src/m-explore-ros2/build/explore_lite/test_results/explore_lite/test_explore.gtest.xml
[==========] Running 1 test from 1 test suite.
[----------] Global test environment set-up.
[----------] 1 test from Explore
[ RUN      ] Explore.testSameGoal
[       OK ] Explore.testSameGoal (0 ms)
[----------] 1 test from Explore (1 ms total)

[----------] Global test environment tear-down
[==========] 1 test from 1 test suite ran. (1 ms total)
[  PASSED  ] 1 test.
-- run_test.py: return code 0
-- run_test.py: inject classname prefix into gtest result file '/home/notch/turtlebot3_ws/src/m-explore-ros2/build/explore_lite/test_results/explore_lite/test_explore.gtest.xml'
-- run_test.py: verify result file '/home/notch/turtlebot3_ws/src/m-explore-ros2/build/explore_lite/test_results/explore_lite/test_explore.gtest.xml'
<end of output>
Test time =   0.14 sec
----------------------------------------------------------
Test Passed.
"test_explore" end time: Apr 11 17:14 +08
"test_explore" time elapsed: 00:00:00
----------------------------------------------------------

2/7 Testing: cppcheck
2/7 Test: cppcheck
Command: "/usr/bin/python3" "-u" "/opt/ros/humble/share/ament_cmake_test/cmake/run_test.py" "/home/notch/turtlebot3_ws/src/m-explore-ros2/build/explore_lite/test_results/explore_lite/cppcheck.xunit.xml" "--package-name" "explore_lite" "--output-file" "/home/notch/turtlebot3_ws/src/m-explore-ros2/build/explore_lite/ament_cppcheck/cppcheck.txt" "--command" "/opt/ros/humble/bin/ament_cppcheck" "--xunit-file" "/home/notch/turtlebot3_ws/src/m-explore-ros2/build/explore_lite/test_results/explore_lite/cppcheck.xunit.xml" "--include_dirs" "/home/notch/turtlebot3_ws/src/m-explore-ros2/explore/include" "/home/notch/turtlebot3_ws/src/m-explore-ros2/explore/include"
Directory: /home/notch/turtlebot3_ws/src/m-explore-ros2/explore
"cppcheck" start time: Apr 11 17:14 +08
Output:
----------------------------------------------------------
-- run_test.py: invoking following command in '/home/notch/turtlebot3_ws/src/m-explore-ros2/explore':
 - /opt/ros/humble/bin/ament_cppcheck --xunit-file /home/notch/turtlebot3_ws/src/m-explore-ros2/build/explore_lite/test_results/explore_lite/cppcheck.xunit.xml --include_dirs /home/notch/turtlebot3_ws/src/m-explore-ros2/explore/include /home/notch/turtlebot3_ws/src/m-explore-ros2/explore/include
cppcheck 2.7 has known performance issues and therefore will not be used, set the AMENT_CPPCHECK_ALLOW_SLOW_VERSIONS environment variable to override this.
-- run_test.py: return code 0
-- run_test.py: verify result file '/home/notch/turtlebot3_ws/src/m-explore-ros2/build/explore_lite/test_results/explore_lite/cppcheck.xunit.xml'
<end of output>
Test time =   0.28 sec
----------------------------------------------------------
Test Passed.
"cppcheck" end time: Apr 11 17:14 +08
"cppcheck" time elapsed: 00:00:00
----------------------------------------------------------

3/7 Testing: flake8
3/7 Test: flake8
Command: "/usr/bin/python3" "-u" "/opt/ros/humble/share/ament_cmake_test/cmake/run_test.py" "/home/notch/turtlebot3_ws/src/m-explore-ros2/build/explore_lite/test_results/explore_lite/flake8.xunit.xml" "--package-name" "explore_lite" "--output-file" "/home/notch/turtlebot3_ws/src/m-explore-ros2/build/explore_lite/ament_flake8/flake8.txt" "--command" "/opt/ros/humble/bin/ament_flake8" "--xunit-file" "/home/notch/turtlebot3_ws/src/m-explore-ros2/build/explore_lite/test_results/explore_lite/flake8.xunit.xml"
Directory: /home/notch/turtlebot3_ws/src/m-explore-ros2/explore
"flake8" start time: Apr 11 17:14 +08
Output:
----------------------------------------------------------
-- run_test.py: invoking following command in '/home/notch/turtlebot3_ws/src/m-explore-ros2/explore':
 - /opt/ros/humble/bin/ament_flake8 --xunit-file /home/notch/turtlebot3_ws/src/m-explore-ros2/build/explore_lite/test_results/explore_lite/flake8.xunit.xml

1 files checked
No problems found

Checked files:

* ./launch/explore.launch.py
-- run_test.py: return code 0
-- run_test.py: verify result file '/home/notch/turtlebot3_ws/src/m-explore-ros2/build/explore_lite/test_results/explore_lite/flake8.xunit.xml'
<end of output>
Test time =   0.38 sec
----------------------------------------------------------
Test Passed.
"flake8" end time: Apr 11 17:14 +08
"flake8" time elapsed: 00:00:00
----------------------------------------------------------

4/7 Testing: lint_cmake
4/7 Test: lint_cmake
Command: "/usr/bin/python3" "-u" "/opt/ros/humble/share/ament_cmake_test/cmake/run_test.py" "/home/notch/turtlebot3_ws/src/m-explore-ros2/build/explore_lite/test_results/explore_lite/lint_cmake.xunit.xml" "--package-name" "explore_lite" "--output-file" "/home/notch/turtlebot3_ws/src/m-explore-ros2/build/explore_lite/ament_lint_cmake/lint_cmake.txt" "--command" "/opt/ros/humble/bin/ament_lint_cmake" "--xunit-file" "/home/notch/turtlebot3_ws/src/m-explore-ros2/build/explore_lite/test_results/explore_lite/lint_cmake.xunit.xml"
Directory: /home/notch/turtlebot3_ws/src/m-explore-ros2/explore
"lint_cmake" start time: Apr 11 17:14 +08
Output:
----------------------------------------------------------
-- run_test.py: invoking following command in '/home/notch/turtlebot3_ws/src/m-explore-ros2/explore':
 - /opt/ros/humble/bin/ament_lint_cmake --xunit-file /home/notch/turtlebot3_ws/src/m-explore-ros2/build/explore_lite/test_results/explore_lite/lint_cmake.xunit.xml

No problems found
-- run_test.py: return code 0
-- run_test.py: verify result file '/home/notch/turtlebot3_ws/src/m-explore-ros2/build/explore_lite/test_results/explore_lite/lint_cmake.xunit.xml'
<end of output>
Test time =   0.26 sec
----------------------------------------------------------
Test Passed.
"lint_cmake" end time: Apr 11 17:14 +08
"lint_cmake" time elapsed: 00:00:00
----------------------------------------------------------

5/7 Testing: pep257
5/7 Test: pep257
Command: "/usr/bin/python3" "-u" "/opt/ros/humble/share/ament_cmake_test/cmake/run_test.py" "/home/notch/turtlebot3_ws/src/m-explore-ros2/build/explore_lite/test_results/explore_lite/pep257.xunit.xml" "--package-name" "explore_lite" "--output-file" "/home/notch/turtlebot3_ws/src/m-explore-ros2/build/explore_lite/ament_pep257/pep257.txt" "--command" "/opt/ros/humble/bin/ament_pep257" "--xunit-file" "/home/notch/turtlebot3_ws/src/m-explore-ros2/build/explore_lite/test_results/explore_lite/pep257.xunit.xml"
Directory: /home/notch/turtlebot3_ws/src/m-explore-ros2/explore
"pep257" start time: Apr 11 17:14 +08
Output:
----------------------------------------------------------
-- run_test.py: invoking following command in '/home/notch/turtlebot3_ws/src/m-explore-ros2/explore':
 - /opt/ros/humble/bin/ament_pep257 --xunit-file /home/notch/turtlebot3_ws/src/m-explore-ros2/build/explore_lite/test_results/explore_lite/pep257.xunit.xml
checking ./launch/explore.launch.py
No problems found
-- run_test.py: return code 0
-- run_test.py: verify result file '/home/notch/turtlebot3_ws/src/m-explore-ros2/build/explore_lite/test_results/explore_lite/pep257.xunit.xml'
<end of output>
Test time =   0.31 sec
----------------------------------------------------------
Test Passed.
"pep257" end time: Apr 11 17:14 +08
"pep257" time elapsed: 00:00:00
----------------------------------------------------------

6/7 Testing: uncrustify
6/7 Test: uncrustify
Command: "/usr/bin/python3" "-u" "/opt/ros/humble/share/ament_cmake_test/cmake/run_test.py" "/home/notch/turtlebot3_ws/src/m-explore-ros2/build/explore_lite/test_results/explore_lite/uncrustify.xunit.xml" "--package-name" "explore_lite" "--output-file" "/home/notch/turtlebot3_ws/src/m-explore-ros2/build/explore_lite/ament_uncrustify/uncrustify.txt" "--command" "/opt/ros/humble/bin/ament_uncrustify" "--xunit-file" "/home/notch/turtlebot3_ws/src/m-explore-ros2/build/explore_lite/test_results/explore_lite/uncrustify.xunit.xml"
Directory: /home/notch/turtlebot3_ws/src/m-explore-ros2/explore
"uncrustify" start time: Apr 11 17:14 +08
Output:
----------------------------------------------------------
-- run_test.py: invoking following command in '/home/notch/turtlebot3_ws/src/m-explore-ros2/explore':
 - /opt/ros/humble/bin/ament_uncrustify --xunit-file /home/notch/turtlebot3_ws/src/m-explore-ros2/build/explore_lite/test_results/explore_lite/uncrustify.xunit.xml
No code style divergence in file 'include/explore/costmap_client.h'

No code style divergence in file 'include/explore/costmap_tools.h'

No code style divergence in file 'include/explore/explore.h'

No code style divergence in file 'include/explore/frontier_search.h'

No code style divergence in file 'src/costmap_client.cpp'

No code style divergence in file 'src/explore.cpp'

No code style divergence in file 'src/frontier_search.cpp'

No code style divergence in file 'test/test_explore.cpp'

No problems found
-- run_test.py: return code 0
-- run_test.py: verify result file '/home/notch/turtlebot3_ws/src/m-explore-ros2/build/explore_lite/test_results/explore_lite/uncrustify.xunit.xml'
<end of output>
Test time =   0.37 sec
----------------------------------------------------------
Test Passed.
"uncrustify" end time: Apr 11 17:14 +08
"uncrustify" time elapsed: 00:00:00
----------------------------------------------------------

7/7 Testing: xmllint
7/7 Test: xmllint
Command: "/usr/bin/python3" "-u" "/opt/ros/humble/share/ament_cmake_test/cmake/run_test.py" "/home/notch/turtlebot3_ws/src/m-explore-ros2/build/explore_lite/test_results/explore_lite/xmllint.xunit.xml" "--package-name" "explore_lite" "--output-file" "/home/notch/turtlebot3_ws/src/m-explore-ros2/build/explore_lite/ament_xmllint/xmllint.txt" "--command" "/opt/ros/humble/bin/ament_xmllint" "--xunit-file" "/home/notch/turtlebot3_ws/src/m-explore-ros2/build/explore_lite/test_results/explore_lite/xmllint.xunit.xml"
Directory: /home/notch/turtlebot3_ws/src/m-explore-ros2/explore
"xmllint" start time: Apr 11 17:14 +08
Output:
----------------------------------------------------------
-- run_test.py: invoking following command in '/home/notch/turtlebot3_ws/src/m-explore-ros2/explore':
 - /opt/ros/humble/bin/ament_xmllint --xunit-file /home/notch/turtlebot3_ws/src/m-explore-ros2/build/explore_lite/test_results/explore_lite/xmllint.xunit.xml
File 'package.xml' is valid

No problems found
-- run_test.py: return code 0
-- run_test.py: verify result file '/home/notch/turtlebot3_ws/src/m-explore-ros2/build/explore_lite/test_results/explore_lite/xmllint.xunit.xml'
<end of output>
Test time =   1.15 sec
----------------------------------------------------------
Test Passed.
"xmllint" end time: Apr 11 17:14 +08
"xmllint" time elapsed: 00:00:01
----------------------------------------------------------

End testing: Apr 11 17:14 +08

cppcheck =   0.28 sec*proc

flake8 =   0.38 sec*proc

gtest =   0.14 sec*proc

lint_cmake =   0.26 sec*proc

linter =   2.75 sec*proc

pep257 =   0.31 sec*proc

uncrustify =   0.37 sec*proc

xmllint =   1.15 sec*proc

