<?xml version="1.0" encoding="UTF-8"?>
<Site BuildName="(empty)"
	BuildStamp="20260411-0914-Experimental"
	Name="CX-Swift-SFG14-73"
	Generator="ctest-3.22.1"
	CompilerName="/usr/bin/c++"
	CompilerVersion="11.4.0"
	OSName="Linux"
	Hostname="CX-Swift-SFG14-73"
	OSRelease="6.8.0-107-generic"
	OSVersion="#107~22.04.1-Ubuntu SMP PREEMPT_DYNAMIC Wed Mar 18 23:40:43 UTC "
	OSPlatform="x86_64"
	Is64Bits="1"
	VendorString="GenuineIntel"
	VendorID="Intel Corporation"
	FamilyID="6"
	ModelID="170"
	ProcessorCacheSize="18432"
	NumberOfLogicalCPU="18"
	NumberOfPhysicalCPU="14"
	TotalVirtualMemory="2047"
	TotalPhysicalMemory="15688"
	LogicalProcessorsPerPhysical="1"
	ProcessorClockFrequency="1690.33"
	>
	<Testing>
		<StartDateTime>Apr 11 17:14 +08</StartDateTime>
		<StartTestTime>1775898862</StartTestTime>
		<TestList>
			<Test>./test_explore</Test>
			<Test>./cppcheck</Test>
			<Test>./flake8</Test>
			<Test>./lint_cmake</Test>
			<Test>./pep257</Test>
			<Test>./uncrustify</Test>
			<Test>./xmllint</Test>
		</TestList>
		<Test Status="passed">
			<Name>test_explore</Name>
			<Path>.</Path>
			<FullName>./test_explore</FullName>
			<FullCommandLine>/usr/bin/python3 "-u" "/opt/ros/humble/share/ament_cmake_test/cmake/run_test.py" "/home/notch/turtlebot3_ws/src/m-explore-ros2/build/explore_lite/test_results/explore_lite/test_explore.gtest.xml" "--package-name" "explore_lite" "--output-file" "/home/notch/turtlebot3_ws/src/m-explore-ros2/build/explore_lite/ament_cmake_gtest/test_explore.txt" "--command" "/home/notch/turtlebot3_ws/src/m-explore-ros2/build/explore_lite/test_explore" "--gtest_output=xml:/home/notch/turtlebot3_ws/src/m-explore-ros2/build/explore_lite/test_results/explore_lite/test_explore.gtest.xml"</FullCommandLine>
			<Results>
				<NamedMeasurement type="numeric/double" name="Execution Time">
					<Value>0.142402</Value>
				</NamedMeasurement>
				<NamedMeasurement type="numeric/double" name="Processors">
					<Value>1</Value>
				</NamedMeasurement>
				<NamedMeasurement type="text/string" name="Completion Status">
					<Value>Completed</Value>
				</NamedMeasurement>
				<NamedMeasurement type="text/string" name="Command Line">
					<Value>/usr/bin/python3 "-u" "/opt/ros/humble/share/ament_cmake_test/cmake/run_test.py" "/home/notch/turtlebot3_ws/src/m-explore-ros2/build/explore_lite/test_results/explore_lite/test_explore.gtest.xml" "--package-name" "explore_lite" "--output-file" "/home/notch/turtlebot3_ws/src/m-explore-ros2/build/explore_lite/ament_cmake_gtest/test_explore.txt" "--command" "/home/notch/turtlebot3_ws/src/m-explore-ros2/build/explore_lite/test_explore" "--gtest_output=xml:/home/notch/turtlebot3_ws/src/m-explore-ros2/build/explore_lite/test_results/explore_lite/test_explore.gtest.xml"</Value>
				</NamedMeasurement>
				<NamedMeasurement type="text/string" name="Environment">
					<Value>#CTEST_RESOURCE_GROUP_COUNT=</Value>
				</NamedMeasurement>
				<Measurement>
					<Value>-- run_test.py: invoking following command in '/home/notch/turtlebot3_ws/src/m-explore-ros2/build/explore_lite':
 - /home/notch/turtlebot3_ws/src/m-explore-ros2/build/explore_lite/test_explore --gtest_output=xml:/home/notch/turtlebot3_ws/src/m-explore-ros2/build/explore_lite/test_results/explore_lite/test_explore.gtest.xml
[==========] Running 1 test from 1 test suite.
[----------] Global test environment set-up.
[----------] 1 test from Explore
[ RUN      ] Explore.testSameGoal
[       OK ] Explore.testSameGoal (0 ms)
[----------] 1 test from Explore (1 ms total)

[----------] Global test environment tear-down
[==========] 1 test from 1 test suite ran. (1 ms total)
[  PASSED  ] 1 test.
-- run_test.py: return code 0
-- run_test.py: inject classname prefix into gtest result file '/home/notch/turtlebot3_ws/src/m-explore-ros2/build/explore_lite/test_results/explore_lite/test_explore.gtest.xml'
-- run_test.py: verify result file '/home/notch/turtlebot3_ws/src/m-explore-ros2/build/explore_lite/test_results/explore_lite/test_explore.gtest.xml'
</Value>
				</Measurement>
			</Results>
			<Labels>
				<Label>gtest</Label>
			</Labels>
		</Test>
		<Test Status="passed">
			<Name>cppcheck</Name>
			<Path>.</Path>
			<FullName>./cppcheck</FullName>
			<FullCommandLine>/usr/bin/python3 "-u" "/opt/ros/humble/share/ament_cmake_test/cmake/run_test.py" "/home/notch/turtlebot3_ws/src/m-explore-ros2/build/explore_lite/test_results/explore_lite/cppcheck.xunit.xml" "--package-name" "explore_lite" "--output-file" "/home/notch/turtlebot3_ws/src/m-explore-ros2/build/explore_lite/ament_cppcheck/cppcheck.txt" "--command" "/opt/ros/humble/bin/ament_cppcheck" "--xunit-file" "/home/notch/turtlebot3_ws/src/m-explore-ros2/build/explore_lite/test_results/explore_lite/cppcheck.xunit.xml" "--include_dirs" "/home/notch/turtlebot3_ws/src/m-explore-ros2/explore/include" "/home/notch/turtlebot3_ws/src/m-explore-ros2/explore/include"</FullCommandLine>
			<Results>
				<NamedMeasurement type="numeric/double" name="Execution Time">
					<Value>0.27975</Value>
				</NamedMeasurement>
				<NamedMeasurement type="numeric/double" name="Processors">
					<Value>1</Value>
				</NamedMeasurement>
				<NamedMeasurement type="text/string" name="Completion Status">
					<Value>Completed</Value>
				</NamedMeasurement>
				<NamedMeasurement type="text/string" name="Command Line">
					<Value>/usr/bin/python3 "-u" "/opt/ros/humble/share/ament_cmake_test/cmake/run_test.py" "/home/notch/turtlebot3_ws/src/m-explore-ros2/build/explore_lite/test_results/explore_lite/cppcheck.xunit.xml" "--package-name" "explore_lite" "--output-file" "/home/notch/turtlebot3_ws/src/m-explore-ros2/build/explore_lite/ament_cppcheck/cppcheck.txt" "--command" "/opt/ros/humble/bin/ament_cppcheck" "--xunit-file" "/home/notch/turtlebot3_ws/src/m-explore-ros2/build/explore_lite/test_results/explore_lite/cppcheck.xunit.xml" "--include_dirs" "/home/notch/turtlebot3_ws/src/m-explore-ros2/explore/include" "/home/notch/turtlebot3_ws/src/m-explore-ros2/explore/include"</Value>
				</NamedMeasurement>
				<NamedMeasurement type="text/string" name="Environment">
					<Value>#CTEST_RESOURCE_GROUP_COUNT=</Value>
				</NamedMeasurement>
				<Measurement>
					<Value>-- run_test.py: invoking following command in '/home/notch/turtlebot3_ws/src/m-explore-ros2/explore':
 - /opt/ros/humble/bin/ament_cppcheck --xunit-file /home/notch/turtlebot3_ws/src/m-explore-ros2/build/explore_lite/test_results/explore_lite/cppcheck.xunit.xml --include_dirs /home/notch/turtlebot3_ws/src/m-explore-ros2/explore/include /home/notch/turtlebot3_ws/src/m-explore-ros2/explore/include
cppcheck 2.7 has known performance issues and therefore will not be used, set the AMENT_CPPCHECK_ALLOW_SLOW_VERSIONS environment variable to override this.
-- run_test.py: return code 0
-- run_test.py: verify result file '/home/notch/turtlebot3_ws/src/m-explore-ros2/build/explore_lite/test_results/explore_lite/cppcheck.xunit.xml'
</Value>
				</Measurement>
			</Results>
			<Labels>
				<Label>cppcheck</Label>
				<Label>linter</Label>
			</Labels>
		</Test>
		<Test Status="passed">
			<Name>flake8</Name>
			<Path>.</Path>
			<FullName>./flake8</FullName>
			<FullCommandLine>/usr/bin/python3 "-u" "/opt/ros/humble/share/ament_cmake_test/cmake/run_test.py" "/home/notch/turtlebot3_ws/src/m-explore-ros2/build/explore_lite/test_results/explore_lite/flake8.xunit.xml" "--package-name" "explore_lite" "--output-file" "/home/notch/turtlebot3_ws/src/m-explore-ros2/build/explore_lite/ament_flake8/flake8.txt" "--command" "/opt/ros/humble/bin/ament_flake8" "--xunit-file" "/home/notch/turtlebot3_ws/src/m-explore-ros2/build/explore_lite/test_results/explore_lite/flake8.xunit.xml"</FullCommandLine>
			<Results>
				<NamedMeasurement type="numeric/double" name="Execution Time">
					<Value>0.38333</Value>
				</NamedMeasurement>
				<NamedMeasurement type="numeric/double" name="Processors">
					<Value>1</Value>
				</NamedMeasurement>
				<NamedMeasurement type="text/string" name="Completion Status">
					<Value>Completed</Value>
				</NamedMeasurement>
				<NamedMeasurement type="text/string" name="Command Line">
					<Value>/usr/bin/python3 "-u" "/opt/ros/humble/share/ament_cmake_test/cmake/run_test.py" "/home/notch/turtlebot3_ws/src/m-explore-ros2/build/explore_lite/test_results/explore_lite/flake8.xunit.xml" "--package-name" "explore_lite" "--output-file" "/home/notch/turtlebot3_ws/src/m-explore-ros2/build/explore_lite/ament_flake8/flake8.txt" "--command" "/opt/ros/humble/bin/ament_flake8" "--xunit-file" "/home/notch/turtlebot3_ws/src/m-explore-ros2/build/explore_lite/test_results/explore_lite/flake8.xunit.xml"</Value>
				</NamedMeasurement>
				<NamedMeasurement type="text/string" name="Environment">
					<Value>#CTEST_RESOURCE_GROUP_COUNT=</Value>
				</NamedMeasurement>
				<Measurement>
					<Value>-- run_test.py: invoking following command in '/home/notch/turtlebot3_ws/src/m-explore-ros2/explore':
 - /opt/ros/humble/bin/ament_flake8 --xunit-file /home/notch/turtlebot3_ws/src/m-explore-ros2/build/explore_lite/test_results/explore_lite/flake8.xunit.xml

1 files checked
No problems found

Checked files:

* ./launch/explore.launch.py
-- run_test.py: return code 0
-- run_test.py: verify result file '/home/notch/turtlebot3_ws/src/m-explore-ros2/build/explore_lite/test_results/explore_lite/flake8.xunit.xml'
</Value>
				</Measurement>
			</Results>
			<Labels>
				<Label>flake8</Label>
				<Label>linter</Label>
			</Labels>
		</Test>
		<Test Status="passed">
			<Name>lint_cmake</Name>
			<Path>.</Path>
			<FullName>./lint_cmake</FullName>
			<FullCommandLine>/usr/bin/python3 "-u" "/opt/ros/humble/share/ament_cmake_test/cmake/run_test.py" "/home/notch/turtlebot3_ws/src/m-explore-ros2/build/explore_lite/test_results/explore_lite/lint_cmake.xunit.xml" "--package-name" "explore_lite" "--output-file" "/home/notch/turtlebot3_ws/src/m-explore-ros2/build/explore_lite/ament_lint_cmake/lint_cmake.txt" "--command" "/opt/ros/humble/bin/ament_lint_cmake" "--xunit-file" "/home/notch/turtlebot3_ws/src/m-explore-ros2/build/explore_lite/test_results/explore_lite/lint_cmake.xunit.xml"</FullCommandLine>
			<Results>
				<NamedMeasurement type="numeric/double" name="Execution Time">
					<Value>0.255737</Value>
				</NamedMeasurement>
				<NamedMeasurement type="numeric/double" name="Processors">
					<Value>1</Value>
				</NamedMeasurement>
				<NamedMeasurement type="text/string" name="Completion Status">
					<Value>Completed</Value>
				</NamedMeasurement>
				<NamedMeasurement type="text/string" name="Command Line">
					<Value>/usr/bin/python3 "-u" "/opt/ros/humble/share/ament_cmake_test/cmake/run_test.py" "/home/notch/turtlebot3_ws/src/m-explore-ros2/build/explore_lite/test_results/explore_lite/lint_cmake.xunit.xml" "--package-name" "explore_lite" "--output-file" "/home/notch/turtlebot3_ws/src/m-explore-ros2/build/explore_lite/ament_lint_cmake/lint_cmake.txt" "--command" "/opt/ros/humble/bin/ament_lint_cmake" "--xunit-file" "/home/notch/turtlebot3_ws/src/m-explore-ros2/build/explore_lite/test_results/explore_lite/lint_cmake.xunit.xml"</Value>
				</NamedMeasurement>
				<NamedMeasurement type="text/string" name="Environment">
					<Value>#CTEST_RESOURCE_GROUP_COUNT=</Value>
				</NamedMeasurement>
				<Measurement>
					<Value>-- run_test.py: invoking following command in '/home/notch/turtlebot3_ws/src/m-explore-ros2/explore':
 - /opt/ros/humble/bin/ament_lint_cmake --xunit-file /home/notch/turtlebot3_ws/src/m-explore-ros2/build/explore_lite/test_results/explore_lite/lint_cmake.xunit.xml

No problems found
-- run_test.py: return code 0
-- run_test.py: verify result file '/home/notch/turtlebot3_ws/src/m-explore-ros2/build/explore_lite/test_results/explore_lite/lint_cmake.xunit.xml'
</Value>
				</Measurement>
			</Results>
			<Labels>
				<Label>lint_cmake</Label>
				<Label>linter</Label>
			</Labels>
		</Test>
		<Test Status="passed">
			<Name>pep257</Name>
			<Path>.</Path>
			<FullName>./pep257</FullName>
			<FullCommandLine>/usr/bin/python3 "-u" "/opt/ros/humble/share/ament_cmake_test/cmake/run_test.py" "/home/notch/turtlebot3_ws/src/m-explore-ros2/build/explore_lite/test_results/explore_lite/pep257.xunit.xml" "--package-name" "explore_lite" "--output-file" "/home/notch/turtlebot3_ws/src/m-explore-ros2/build/explore_lite/ament_pep257/pep257.txt" "--command" "/opt/ros/humble/bin/ament_pep257" "--xunit-file" "/home/notch/turtlebot3_ws/src/m-explore-ros2/build/explore_lite/test_results/explore_lite/pep257.xunit.xml"</FullCommandLine>
			<Results>
				<NamedMeasurement type="numeric/double" name="Execution Time">
					<Value>0.314234</Value>
				</NamedMeasurement>
				<NamedMeasurement type="numeric/double" name="Processors">
					<Value>1</Value>
				</NamedMeasurement>
				<NamedMeasurement type="text/string" name="Completion Status">
					<Value>Completed</Value>
				</NamedMeasurement>
				<NamedMeasurement type="text/string" name="Command Line">
					<Value>/usr/bin/python3 "-u" "/opt/ros/humble/share/ament_cmake_test/cmake/run_test.py" "/home/notch/turtlebot3_ws/src/m-explore-ros2/build/explore_lite/test_results/explore_lite/pep257.xunit.xml" "--package-name" "explore_lite" "--output-file" "/home/notch/turtlebot3_ws/src/m-explore-ros2/build/explore_lite/ament_pep257/pep257.txt" "--command" "/opt/ros/humble/bin/ament_pep257" "--xunit-file" "/home/notch/turtlebot3_ws/src/m-explore-ros2/build/explore_lite/test_results/explore_lite/pep257.xunit.xml"</Value>
				</NamedMeasurement>
				<NamedMeasurement type="text/string" name="Environment">
					<Value>#CTEST_RESOURCE_GROUP_COUNT=</Value>
				</NamedMeasurement>
				<Measurement>
					<Value>-- run_test.py: invoking following command in '/home/notch/turtlebot3_ws/src/m-explore-ros2/explore':
 - /opt/ros/humble/bin/ament_pep257 --xunit-file /home/notch/turtlebot3_ws/src/m-explore-ros2/build/explore_lite/test_results/explore_lite/pep257.xunit.xml
checking ./launch/explore.launch.py
No problems found
-- run_test.py: return code 0
-- run_test.py: verify result file '/home/notch/turtlebot3_ws/src/m-explore-ros2/build/explore_lite/test_results/explore_lite/pep257.xunit.xml'
</Value>
				</Measurement>
			</Results>
			<Labels>
				<Label>linter</Label>
				<Label>pep257</Label>
			</Labels>
		</Test>
		<Test Status="passed">
			<Name>uncrustify</Name>
			<Path>.</Path>
			<FullName>./uncrustify</FullName>
			<FullCommandLine>/usr/bin/python3 "-u" "/opt/ros/humble/share/ament_cmake_test/cmake/run_test.py" "/home/notch/turtlebot3_ws/src/m-explore-ros2/build/explore_lite/test_results/explore_lite/uncrustify.xunit.xml" "--package-name" "explore_lite" "--output-file" "/home/notch/turtlebot3_ws/src/m-explore-ros2/build/explore_lite/ament_uncrustify/uncrustify.txt" "--command" "/opt/ros/humble/bin/ament_uncrustify" "--xunit-file" "/home/notch/turtlebot3_ws/src/m-explore-ros2/build/explore_lite/test_results/explore_lite/uncrustify.xunit.xml"</FullCommandLine>
			<Results>
				<NamedMeasurement type="numeric/double" name="Execution Time">
					<Value>0.368566</Value>
				</NamedMeasurement>
				<NamedMeasurement type="numeric/double" name="Processors">
					<Value>1</Value>
				</NamedMeasurement>
				<NamedMeasurement type="text/string" name="Completion Status">
					<Value>Completed</Value>
				</NamedMeasurement>
				<NamedMeasurement type="text/string" name="Command Line">
					<Value>/usr/bin/python3 "-u" "/opt/ros/humble/share/ament_cmake_test/cmake/run_test.py" "/home/notch/turtlebot3_ws/src/m-explore-ros2/build/explore_lite/test_results/explore_lite/uncrustify.xunit.xml" "--package-name" "explore_lite" "--output-file" "/home/notch/turtlebot3_ws/src/m-explore-ros2/build/explore_lite/ament_uncrustify/uncrustify.txt" "--command" "/opt/ros/humble/bin/ament_uncrustify" "--xunit-file" "/home/notch/turtlebot3_ws/src/m-explore-ros2/build/explore_lite/test_results/explore_lite/uncrustify.xunit.xml"</Value>
				</NamedMeasurement>
				<NamedMeasurement type="text/string" name="Environment">
					<Value>#CTEST_RESOURCE_GROUP_COUNT=</Value>
				</NamedMeasurement>
				<Measurement>
					<Value>-- run_test.py: invoking following command in '/home/notch/turtlebot3_ws/src/m-explore-ros2/explore':
 - /opt/ros/humble/bin/ament_uncrustify --xunit-file /home/notch/turtlebot3_ws/src/m-explore-ros2/build/explore_lite/test_results/explore_lite/uncrustify.xunit.xml
No code style divergence in file 'include/explore/costmap_client.h'

No code style divergence in file 'include/explore/costmap_tools.h'

No code style divergence in file 'include/explore/explore.h'

No code style divergence in file 'include/explore/frontier_search.h'

No code style divergence in file 'src/costmap_client.cpp'

No code style divergence in file 'src/explore.cpp'

No code style divergence in file 'src/frontier_search.cpp'

No code style divergence in file 'test/test_explore.cpp'

No problems found
-- run_test.py: return code 0
-- run_test.py: verify result file '/home/notch/turtlebot3_ws/src/m-explore-ros2/build/explore_lite/test_results/explore_lite/uncrustify.xunit.xml'
</Value>
				</Measurement>
			</Results>
			<Labels>
				<Label>linter</Label>
				<Label>uncrustify</Label>
			</Labels>
		</Test>
		<Test Status="passed">
			<Name>xmllint</Name>
			<Path>.</Path>
			<FullName>./xmllint</FullName>
			<FullCommandLine>/usr/bin/python3 "-u" "/opt/ros/humble/share/ament_cmake_test/cmake/run_test.py" "/home/notch/turtlebot3_ws/src/m-explore-ros2/build/explore_lite/test_results/explore_lite/xmllint.xunit.xml" "--package-name" "explore_lite" "--output-file" "/home/notch/turtlebot3_ws/src/m-explore-ros2/build/explore_lite/ament_xmllint/xmllint.txt" "--command" "/opt/ros/humble/bin/ament_xmllint" "--xunit-file" "/home/notch/turtlebot3_ws/src/m-explore-ros2/build/explore_lite/test_results/explore_lite/xmllint.xunit.xml"</FullCommandLine>
			<Results>
				<NamedMeasurement type="numeric/double" name="Execution Time">
					<Value>1.1525</Value>
				</NamedMeasurement>
				<NamedMeasurement type="numeric/double" name="Processors">
					<Value>1</Value>
				</NamedMeasurement>
				<NamedMeasurement type="text/string" name="Completion Status">
					<Value>Completed</Value>
				</NamedMeasurement>
				<NamedMeasurement type="text/string" name="Command Line">
					<Value>/usr/bin/python3 "-u" "/opt/ros/humble/share/ament_cmake_test/cmake/run_test.py" "/home/notch/turtlebot3_ws/src/m-explore-ros2/build/explore_lite/test_results/explore_lite/xmllint.xunit.xml" "--package-name" "explore_lite" "--output-file" "/home/notch/turtlebot3_ws/src/m-explore-ros2/build/explore_lite/ament_xmllint/xmllint.txt" "--command" "/opt/ros/humble/bin/ament_xmllint" "--xunit-file" "/home/notch/turtlebot3_ws/src/m-explore-ros2/build/explore_lite/test_results/explore_lite/xmllint.xunit.xml"</Value>
				</NamedMeasurement>
				<NamedMeasurement type="text/string" name="Environment">
					<Value>#CTEST_RESOURCE_GROUP_COUNT=</Value>
				</NamedMeasurement>
				<Measurement>
					<Value>-- run_test.py: invoking following command in '/home/notch/turtlebot3_ws/src/m-explore-ros2/explore':
 - /opt/ros/humble/bin/ament_xmllint --xunit-file /home/notch/turtlebot3_ws/src/m-explore-ros2/build/explore_lite/test_results/explore_lite/xmllint.xunit.xml
File 'package.xml' is valid

No problems found
-- run_test.py: return code 0
-- run_test.py: verify result file '/home/notch/turtlebot3_ws/src/m-explore-ros2/build/explore_lite/test_results/explore_lite/xmllint.xunit.xml'
</Value>
				</Measurement>
			</Results>
			<Labels>
				<Label>linter</Label>
				<Label>xmllint</Label>
			</Labels>
		</Test>
		<EndDateTime>Apr 11 17:14 +08</EndDateTime>
		<EndTestTime>1775898865</EndTestTime>
		<ElapsedMinutes>0</ElapsedMinutes>
	</Testing>
</Site>
